INFO: [33mstfgeodetic.py[0m - [32mcheckExistenceArgs[0m: working diretory is /home/amuls/RxTURP/BEGPIOS/ASTX/19100/stf
INFO: [33mstfgeodetic.py[0m - [32mcheckExistenceArgs[0m: changed to directory /home/amuls/RxTURP/BEGPIOS/ASTX/19100/stf
INFO: [33mstfgeodetic.py[0m - [32mmain[0m: marker coordinates = {'lat': nan, 'lon': nan, 'ellH': nan, 'UTM.E': nan, 'UTM.N': nan, 'UTM.Z': '', 'UTM.L': ''}
INFO: [33mstfgeodetic.py[0m - [32mreadSTFGeodetic[0m: reading file SEPT1000.19__PVTGeodetic_2.stf
INFO: [33mstfgeodetic.py[0m - [32mreadSTFGeodetic[0m: head of dataframe [32mSEPT1000.19__PVTGeodetic_2.stf[0m (#86400)
   WNc[week]    TOW[s]  Mode  2D/3D  Error  NrSV  Latitude[rad]  Longitude[rad]  Height[m]  Vn[m/s]  Ve[m/s]  Vu[m/s]  ClockBias[ms]  ClockDrift[ppm]  ReferenceID  MeanCorrAge[s]  NrBases  Undulation[m]  COG[deg]  Datum  TimeSystem  SignalInfo  WACorrInfo  AlertFlag  AutoBase
0       2048  259200.0     1      0      0    15       0.887396        0.076671   151.2748   0.0006   0.0107  -0.0061       0.485391        -2.319500          NaN             NaN      NaN        47.3516       NaN      0           0     1179661           0          5         0
1       2048  259201.0     1      0      0    15       0.887396        0.076671   151.3131   0.0038  -0.0017  -0.0216       0.483072        -2.318944          NaN             NaN      NaN        47.3516       NaN      0           0     1179661           0          5         0
2       2048  259202.0     1      0      0    15       0.887396        0.076671   151.3421   0.0054   0.0023   0.0064       0.480753        -2.318835          NaN             NaN      NaN        47.3516       NaN      0           0     1179661           0          5         0
3       2048  259203.0     1      0      0    15       0.887396        0.076671   151.2943  -0.0005  -0.0015  -0.0045       0.478434        -2.319432          NaN             NaN      NaN        47.3516       NaN      0           0     1179661           0          5         0
4       2048  259204.0     1      0      0    15       0.887396        0.076671   151.2864   0.0002  -0.0000   0.0174       0.476115        -2.318755          NaN             NaN      NaN        47.3516       NaN      0           0     1179661           0          5         0
5       2048  259205.0     1      0      0    15       0.887396        0.076671   151.3802   0.0008   0.0009   0.0013       0.473796        -2.319328          NaN             NaN      NaN        47.3516       NaN      0           0     1179661           0          5         0
6       2048  259206.0     1      0      0    15       0.887396        0.076671   151.3186   0.0014  -0.0006   0.0140       0.471476        -2.319472          NaN             NaN      NaN        47.3516       NaN      0           0     1179661           0          5         0
7       2048  259207.0     1      0      0    15       0.887395        0.076671   151.2954  -0.0027   0.0018   0.0061       0.469157        -2.319231          NaN             NaN      NaN        47.3516       NaN      0           0     1179661           0          5         0
8       2048  259208.0     1      0      0    15       0.887395        0.076671   151.2939  -0.0022  -0.0008  -0.0079       0.466838        -2.319051          NaN             NaN      NaN        47.3516       NaN      0           0     1179661           0          5         0
9       2048  259209.0     1      0      0    15       0.887395        0.076671   151.2900  -0.0054  -0.0082   0.0021       0.464519        -2.319124          NaN             NaN      NaN        47.3516       NaN      0           0     1179661           0          5         0
INFO: [33mstfgeodetic.py[0m - [32mreadSTFGeodetic[0m: tail of dataframe [32mSEPT1000.19__PVTGeodetic_2.stf[0m (#86400)
       WNc[week]    TOW[s]  Mode  2D/3D  Error  NrSV  Latitude[rad]  Longitude[rad]  Height[m]  Vn[m/s]  Ve[m/s]  Vu[m/s]  ClockBias[ms]  ClockDrift[ppm]  ReferenceID  MeanCorrAge[s]  NrBases  Undulation[m]  COG[deg]  Datum  TimeSystem  SignalInfo  WACorrInfo  AlertFlag  AutoBase
86390       2048  345590.0     1      0      0    17       0.887396        0.076671   151.9818  -0.0031  -0.0006   0.0079       0.127192        -2.319955          NaN             NaN      NaN        47.3516       NaN      0           0     1179661           0          5         0
86391       2048  345591.0     1      0      0    17       0.887396        0.076671   152.0069  -0.0049  -0.0023  -0.0203       0.124872        -2.320223          NaN             NaN      NaN        47.3516       NaN      0           0     1179661           0          5         0
86392       2048  345592.0     1      0      0    17       0.887396        0.076671   151.9416   0.0023  -0.0013   0.0109       0.122552        -2.320551          NaN             NaN      NaN        47.3516       NaN      0           0     1179661           0          5         0
86393       2048  345593.0     1      0      0    17       0.887396        0.076671   151.8290  -0.0067  -0.0056  -0.0230       0.120231        -2.320328          NaN             NaN      NaN        47.3516       NaN      0           0     1179661           0          5         0
86394       2048  345594.0     1      0      0    17       0.887396        0.076671   151.6924  -0.0036  -0.0024  -0.0038       0.117911        -2.319984          NaN             NaN      NaN        47.3516       NaN      0           0     1179661           0          5         0
86395       2048  345595.0     1      0      0    17       0.887396        0.076671   151.6912  -0.0014   0.0075  -0.0006       0.115591        -2.320029          NaN             NaN      NaN        47.3516       NaN      0           0     1179661           0          5         0
86396       2048  345596.0     1      0      0    17       0.887396        0.076671   151.7369   0.0021  -0.0052  -0.0088       0.113271        -2.319844          NaN             NaN      NaN        47.3516       NaN      0           0     1179661           0          5         0
86397       2048  345597.0     1      0      0    17       0.887396        0.076671   151.7203   0.0116   0.0053   0.0093       0.110952        -2.320113          NaN             NaN      NaN        47.3516       NaN      0           0     1179661           0          5         0
86398       2048  345598.0     1      0      0    17       0.887396        0.076671   151.6542   0.0031   0.0041  -0.0099       0.108632        -2.320467          NaN             NaN      NaN        47.3516       NaN      0           0     1179661           0          5         0
86399       2048  345599.0     1      0      0    17       0.887396        0.076671   151.7171  -0.0094  -0.0000   0.0063       0.106312        -2.319774          NaN             NaN      NaN        47.3516       NaN      0           0     1179661           0          5         0
INFO: [33mstfgeodetic.py[0m - [32mreadSTFGeodetic[0m: head of dataframe [32mSEPT1000.19__PVTGeodetic_2.stf[0m (#86400)
   WNc[week]    TOW[s]  Mode  2D/3D  Error  NrSV  Latitude[rad]  Longitude[rad]  Height[m]  Vn[m/s]  Ve[m/s]  Vu[m/s]  ClockBias[ms]  ClockDrift[ppm]  ReferenceID  MeanCorrAge[s]  NrBases  Undulation[m]  COG[deg]  Datum  TimeSystem  SignalInfo  WACorrInfo  AlertFlag  AutoBase
0       2048  259200.0     1      0      0    15       0.887396        0.076671   151.2748   0.0006   0.0107  -0.0061       0.485391        -2.319500          NaN             NaN      NaN        47.3516       NaN      0           0     1179661           0          5         0
1       2048  259201.0     1      0      0    15       0.887396        0.076671   151.3131   0.0038  -0.0017  -0.0216       0.483072        -2.318944          NaN             NaN      NaN        47.3516       NaN      0           0     1179661           0          5         0
2       2048  259202.0     1      0      0    15       0.887396        0.076671   151.3421   0.0054   0.0023   0.0064       0.480753        -2.318835          NaN             NaN      NaN        47.3516       NaN      0           0     1179661           0          5         0
3       2048  259203.0     1      0      0    15       0.887396        0.076671   151.2943  -0.0005  -0.0015  -0.0045       0.478434        -2.319432          NaN             NaN      NaN        47.3516       NaN      0           0     1179661           0          5         0
4       2048  259204.0     1      0      0    15       0.887396        0.076671   151.2864   0.0002  -0.0000   0.0174       0.476115        -2.318755          NaN             NaN      NaN        47.3516       NaN      0           0     1179661           0          5         0
5       2048  259205.0     1      0      0    15       0.887396        0.076671   151.3802   0.0008   0.0009   0.0013       0.473796        -2.319328          NaN             NaN      NaN        47.3516       NaN      0           0     1179661           0          5         0
6       2048  259206.0     1      0      0    15       0.887396        0.076671   151.3186   0.0014  -0.0006   0.0140       0.471476        -2.319472          NaN             NaN      NaN        47.3516       NaN      0           0     1179661           0          5         0
7       2048  259207.0     1      0      0    15       0.887395        0.076671   151.2954  -0.0027   0.0018   0.0061       0.469157        -2.319231          NaN             NaN      NaN        47.3516       NaN      0           0     1179661           0          5         0
8       2048  259208.0     1      0      0    15       0.887395        0.076671   151.2939  -0.0022  -0.0008  -0.0079       0.466838        -2.319051          NaN             NaN      NaN        47.3516       NaN      0           0     1179661           0          5         0
9       2048  259209.0     1      0      0    15       0.887395        0.076671   151.2900  -0.0054  -0.0082   0.0021       0.464519        -2.319124          NaN             NaN      NaN        47.3516       NaN      0           0     1179661           0          5         0
INFO: [33mstfgeodetic.py[0m - [32mreadSTFGeodetic[0m: tail of dataframe [32mSEPT1000.19__PVTGeodetic_2.stf[0m (#86400)
       WNc[week]    TOW[s]  Mode  2D/3D  Error  NrSV  Latitude[rad]  Longitude[rad]  Height[m]  Vn[m/s]  Ve[m/s]  Vu[m/s]  ClockBias[ms]  ClockDrift[ppm]  ReferenceID  MeanCorrAge[s]  NrBases  Undulation[m]  COG[deg]  Datum  TimeSystem  SignalInfo  WACorrInfo  AlertFlag  AutoBase
86390       2048  345590.0     1      0      0    17       0.887396        0.076671   151.9818  -0.0031  -0.0006   0.0079       0.127192        -2.319955          NaN             NaN      NaN        47.3516       NaN      0           0     1179661           0          5         0
86391       2048  345591.0     1      0      0    17       0.887396        0.076671   152.0069  -0.0049  -0.0023  -0.0203       0.124872        -2.320223          NaN             NaN      NaN        47.3516       NaN      0           0     1179661           0          5         0
86392       2048  345592.0     1      0      0    17       0.887396        0.076671   151.9416   0.0023  -0.0013   0.0109       0.122552        -2.320551          NaN             NaN      NaN        47.3516       NaN      0           0     1179661           0          5         0
86393       2048  345593.0     1      0      0    17       0.887396        0.076671   151.8290  -0.0067  -0.0056  -0.0230       0.120231        -2.320328          NaN             NaN      NaN        47.3516       NaN      0           0     1179661           0          5         0
86394       2048  345594.0     1      0      0    17       0.887396        0.076671   151.6924  -0.0036  -0.0024  -0.0038       0.117911        -2.319984          NaN             NaN      NaN        47.3516       NaN      0           0     1179661           0          5         0
86395       2048  345595.0     1      0      0    17       0.887396        0.076671   151.6912  -0.0014   0.0075  -0.0006       0.115591        -2.320029          NaN             NaN      NaN        47.3516       NaN      0           0     1179661           0          5         0
86396       2048  345596.0     1      0      0    17       0.887396        0.076671   151.7369   0.0021  -0.0052  -0.0088       0.113271        -2.319844          NaN             NaN      NaN        47.3516       NaN      0           0     1179661           0          5         0
86397       2048  345597.0     1      0      0    17       0.887396        0.076671   151.7203   0.0116   0.0053   0.0093       0.110952        -2.320113          NaN             NaN      NaN        47.3516       NaN      0           0     1179661           0          5         0
86398       2048  345598.0     1      0      0    17       0.887396        0.076671   151.6542   0.0031   0.0041  -0.0099       0.108632        -2.320467          NaN             NaN      NaN        47.3516       NaN      0           0     1179661           0          5         0
86399       2048  345599.0     1      0      0    17       0.887396        0.076671   151.7171  -0.0094  -0.0000   0.0063       0.106312        -2.319774          NaN             NaN      NaN        47.3516       NaN      0           0     1179661           0          5         0
INFO: [33mstfgeodetic.py[0m - [32mreadSTFGeodetic[0m: found nav-signals [1179661 1179677]
DEBUG: [33mstfgeodetic.py[0m - [32mreadSTFGeodetic[0m: searching name for sig-type 1179661
INFO: [33mstfgeodetic.py[0m - [32mreadSTFGeodetic[0m: found signal GPS_L1-CA
INFO: [33mstfgeodetic.py[0m - [32mreadSTFGeodetic[0m: found signal GPS_L2-P(Y)
INFO: [33mstfgeodetic.py[0m - [32mreadSTFGeodetic[0m: found signal GPS_L2C
INFO: [33mstfgeodetic.py[0m - [32mreadSTFGeodetic[0m: found signal GAL_L1BC
INFO: [33mstfgeodetic.py[0m - [32mreadSTFGeodetic[0m: found signal GAL_E5a
DEBUG: [33mstfgeodetic.py[0m - [32mreadSTFGeodetic[0m: searching name for sig-type 1179677
INFO: [33mstfgeodetic.py[0m - [32mreadSTFGeodetic[0m: found signal GPS_L1-CA
INFO: [33mstfgeodetic.py[0m - [32mreadSTFGeodetic[0m: found signal GPS_L2-P(Y)
INFO: [33mstfgeodetic.py[0m - [32mreadSTFGeodetic[0m: found signal GPS_L2C
INFO: [33mstfgeodetic.py[0m - [32mreadSTFGeodetic[0m: found signal GPS_L5
INFO: [33mstfgeodetic.py[0m - [32mreadSTFGeodetic[0m: found signal GAL_L1BC
INFO: [33mstfgeodetic.py[0m - [32mreadSTFGeodetic[0m: found signal GAL_E5a
INFO: [33mstfgeodetic.py[0m - [32mreadSTFGeodetic[0m: found signals {1179661: ['L1-CA', 'L2-P(Y)', 'L2C', 'L1BC', 'E5a'], 1179677: ['L1-CA', 'L2-P(Y)', 'L2C', 'L5', 'L1BC', 'E5a']}
INFO: [33mstfgeodetic.py[0m - [32mreadSTFGeodetic[0m: read STF file SEPT1000.19__PVTGeodetic_2.stf, added UTM coordiantes and GNSS time
INFO: [33mstfgeodetic.py[0m - [32mmain[0m: head of dataframe [32mSEPT1000.19__PVTGeodetic_2.stf[0m (#86400)
   index  WNc[week]    TOW[s]  Mode  2D/3D  Error  NrSV  Latitude[rad]  Longitude[rad]  Height[m]  Vn[m/s]  Ve[m/s]  Vu[m/s]  ClockBias[ms]  ClockDrift[ppm]  ReferenceID  MeanCorrAge[s]  NrBases  Undulation[m]  COG[deg]  Datum  TimeSystem  SignalInfo  WACorrInfo  AlertFlag  AutoBase        lat       lon                time          UTM.E         UTM.N  UTM.Z UTM.L  dist
0      0       2048  259200.0     1      0      0    15       0.887396        0.076671   151.2748   0.0006   0.0107  -0.0061       0.485391        -2.319500          NaN             NaN      NaN        47.3516       NaN      0           0     1179661           0          5         0  50.844019  4.392939 2019-04-10 00:00:00  598067.395976  5.633404e+06     31     U   NaN
1      1       2048  259201.0     1      0      0    15       0.887396        0.076671   151.3131   0.0038  -0.0017  -0.0216       0.483072        -2.318944          NaN             NaN      NaN        47.3516       NaN      0           0     1179661           0          5         0  50.844019  4.392939 2019-04-10 00:00:01  598067.382139  5.633404e+06     31     U   NaN
2      2       2048  259202.0     1      0      0    15       0.887396        0.076671   151.3421   0.0054   0.0023   0.0064       0.480753        -2.318835          NaN             NaN      NaN        47.3516       NaN      0           0     1179661           0          5         0  50.844019  4.392940 2019-04-10 00:00:02  598067.437814  5.633404e+06     31     U   NaN
3      3       2048  259203.0     1      0      0    15       0.887396        0.076671   151.2943  -0.0005  -0.0015  -0.0045       0.478434        -2.319432          NaN             NaN      NaN        47.3516       NaN      0           0     1179661           0          5         0  50.844018  4.392940 2019-04-10 00:00:03  598067.438296  5.633404e+06     31     U   NaN
4      4       2048  259204.0     1      0      0    15       0.887396        0.076671   151.2864   0.0002  -0.0000   0.0174       0.476115        -2.318755          NaN             NaN      NaN        47.3516       NaN      0           0     1179661           0          5         0  50.844017  4.392940 2019-04-10 00:00:04  598067.480821  5.633404e+06     31     U   NaN
5      5       2048  259205.0     1      0      0    15       0.887396        0.076671   151.3802   0.0008   0.0009   0.0013       0.473796        -2.319328          NaN             NaN      NaN        47.3516       NaN      0           0     1179661           0          5         0  50.844017  4.392942 2019-04-10 00:00:05  598067.561718  5.633404e+06     31     U   NaN
6      6       2048  259206.0     1      0      0    15       0.887396        0.076671   151.3186   0.0014  -0.0006   0.0140       0.471476        -2.319472          NaN             NaN      NaN        47.3516       NaN      0           0     1179661           0          5         0  50.844017  4.392942 2019-04-10 00:00:06  598067.606788  5.633404e+06     31     U   NaN
7      7       2048  259207.0     1      0      0    15       0.887395        0.076671   151.2954  -0.0027   0.0018   0.0061       0.469157        -2.319231          NaN             NaN      NaN        47.3516       NaN      0           0     1179661           0          5         0  50.844017  4.392943 2019-04-10 00:00:07  598067.681216  5.633404e+06     31     U   NaN
8      8       2048  259208.0     1      0      0    15       0.887395        0.076671   151.2939  -0.0022  -0.0008  -0.0079       0.466838        -2.319051          NaN             NaN      NaN        47.3516       NaN      0           0     1179661           0          5         0  50.844017  4.392944 2019-04-10 00:00:08  598067.740775  5.633404e+06     31     U   NaN
9      9       2048  259209.0     1      0      0    15       0.887395        0.076671   151.2900  -0.0054  -0.0082   0.0021       0.464519        -2.319124          NaN             NaN      NaN        47.3516       NaN      0           0     1179661           0          5         0  50.844017  4.392944 2019-04-10 00:00:09  598067.753882  5.633404e+06     31     U   NaN
INFO: [33mstfgeodetic.py[0m - [32mmain[0m: tail of dataframe [32mSEPT1000.19__PVTGeodetic_2.stf[0m (#86400)
       index  WNc[week]    TOW[s]  Mode  2D/3D  Error  NrSV  Latitude[rad]  Longitude[rad]  Height[m]  Vn[m/s]  Ve[m/s]  Vu[m/s]  ClockBias[ms]  ClockDrift[ppm]  ReferenceID  MeanCorrAge[s]  NrBases  Undulation[m]  COG[deg]  Datum  TimeSystem  SignalInfo  WACorrInfo  AlertFlag  AutoBase        lat       lon                time          UTM.E         UTM.N  UTM.Z UTM.L  dist
86390  86390       2048  345590.0     1      0      0    17       0.887396        0.076671   151.9818  -0.0031  -0.0006   0.0079       0.127192        -2.319955          NaN             NaN      NaN        47.3516       NaN      0           0     1179661           0          5         0  50.844019  4.392948 2019-04-10 23:59:50  598068.007685  5.633404e+06     31     U   NaN
86391  86391       2048  345591.0     1      0      0    17       0.887396        0.076671   152.0069  -0.0049  -0.0023  -0.0203       0.124872        -2.320223          NaN             NaN      NaN        47.3516       NaN      0           0     1179661           0          5         0  50.844019  4.392946 2019-04-10 23:59:51  598067.876982  5.633404e+06     31     U   NaN
86392  86392       2048  345592.0     1      0      0    17       0.887396        0.076671   151.9416   0.0023  -0.0013   0.0109       0.122552        -2.320551          NaN             NaN      NaN        47.3516       NaN      0           0     1179661           0          5         0  50.844019  4.392944 2019-04-10 23:59:52  598067.701810  5.633404e+06     31     U   NaN
86393  86393       2048  345593.0     1      0      0    17       0.887396        0.076671   151.8290  -0.0067  -0.0056  -0.0230       0.120231        -2.320328          NaN             NaN      NaN        47.3516       NaN      0           0     1179661           0          5         0  50.844019  4.392942 2019-04-10 23:59:53  598067.573637  5.633404e+06     31     U   NaN
86394  86394       2048  345594.0     1      0      0    17       0.887396        0.076671   151.6924  -0.0036  -0.0024  -0.0038       0.117911        -2.319984          NaN             NaN      NaN        47.3516       NaN      0           0     1179661           0          5         0  50.844019  4.392942 2019-04-10 23:59:54  598067.566157  5.633404e+06     31     U   NaN
86395  86395       2048  345595.0     1      0      0    17       0.887396        0.076671   151.6912  -0.0014   0.0075  -0.0006       0.115591        -2.320029          NaN             NaN      NaN        47.3516       NaN      0           0     1179661           0          5         0  50.844018  4.392942 2019-04-10 23:59:55  598067.557326  5.633404e+06     31     U   NaN
86396  86396       2048  345596.0     1      0      0    17       0.887396        0.076671   151.7369   0.0021  -0.0052  -0.0088       0.113271        -2.319844          NaN             NaN      NaN        47.3516       NaN      0           0     1179661           0          5         0  50.844017  4.392943 2019-04-10 23:59:56  598067.637220  5.633404e+06     31     U   NaN
86397  86397       2048  345597.0     1      0      0    17       0.887396        0.076671   151.7203   0.0116   0.0053   0.0093       0.110952        -2.320113          NaN             NaN      NaN        47.3516       NaN      0           0     1179661           0          5         0  50.844018  4.392945 2019-04-10 23:59:57  598067.782817  5.633404e+06     31     U   NaN
86398  86398       2048  345598.0     1      0      0    17       0.887396        0.076671   151.6542   0.0031   0.0041  -0.0099       0.108632        -2.320467          NaN             NaN      NaN        47.3516       NaN      0           0     1179661           0          5         0  50.844017  4.392946 2019-04-10 23:59:58  598067.844382  5.633404e+06     31     U   NaN
86399  86399       2048  345599.0     1      0      0    17       0.887396        0.076671   151.7171  -0.0094  -0.0000   0.0063       0.106312        -2.319774          NaN             NaN      NaN        47.3516       NaN      0           0     1179661           0          5         0  50.844018  4.392946 2019-04-10 23:59:59  598067.872139  5.633404e+06     31     U   NaN
INFO: [33mplotcoords.py[0m - [32mplotUTMCoords[0m: start plotting UTM coordinates
INFO: [33mplotcoords.py[0m - [32mplotUTMCoords[0m: head of dataframe [32mdfCrd[0m (#86400)
                 time          UTM.E         UTM.N  Height[m]  NrSV  SignalInfo  dist  2D/3D
0 2019-04-10 00:00:00  598067.395976  5.633404e+06   151.2748    15     1179661   NaN      0
1 2019-04-10 00:00:01  598067.382139  5.633404e+06   151.3131    15     1179661   NaN      0
2 2019-04-10 00:00:02  598067.437814  5.633404e+06   151.3421    15     1179661   NaN      0
3 2019-04-10 00:00:03  598067.438296  5.633404e+06   151.2943    15     1179661   NaN      0
4 2019-04-10 00:00:04  598067.480821  5.633404e+06   151.2864    15     1179661   NaN      0
5 2019-04-10 00:00:05  598067.561718  5.633404e+06   151.3802    15     1179661   NaN      0
6 2019-04-10 00:00:06  598067.606788  5.633404e+06   151.3186    15     1179661   NaN      0
7 2019-04-10 00:00:07  598067.681216  5.633404e+06   151.2954    15     1179661   NaN      0
8 2019-04-10 00:00:08  598067.740775  5.633404e+06   151.2939    15     1179661   NaN      0
9 2019-04-10 00:00:09  598067.753882  5.633404e+06   151.2900    15     1179661   NaN      0
INFO: [33mplotcoords.py[0m - [32mplotUTMCoords[0m: tail of dataframe [32mdfCrd[0m (#86400)
                     time          UTM.E         UTM.N  Height[m]  NrSV  SignalInfo  dist  2D/3D
86390 2019-04-10 23:59:50  598068.007685  5.633404e+06   151.9818    17     1179661   NaN      0
86391 2019-04-10 23:59:51  598067.876982  5.633404e+06   152.0069    17     1179661   NaN      0
86392 2019-04-10 23:59:52  598067.701810  5.633404e+06   151.9416    17     1179661   NaN      0
86393 2019-04-10 23:59:53  598067.573637  5.633404e+06   151.8290    17     1179661   NaN      0
86394 2019-04-10 23:59:54  598067.566157  5.633404e+06   151.6924    17     1179661   NaN      0
86395 2019-04-10 23:59:55  598067.557326  5.633404e+06   151.6912    17     1179661   NaN      0
86396 2019-04-10 23:59:56  598067.637220  5.633404e+06   151.7369    17     1179661   NaN      0
86397 2019-04-10 23:59:57  598067.782817  5.633404e+06   151.7203    17     1179661   NaN      0
86398 2019-04-10 23:59:58  598067.844382  5.633404e+06   151.6542    17     1179661   NaN      0
86399 2019-04-10 23:59:59  598067.872139  5.633404e+06   151.7171    17     1179661   NaN      0
INFO: [33mplotcoords.py[0m - [32mplotUTMCoords[0m: st = 1179661  name = L1-CA,L2-P(Y),L2C,L1BC,E5a
INFO: [33mplotcoords.py[0m - [32mplotUTMCoords[0m: list of indices dIdx[1179661][3D] = Int64Index([    0,     1,     2,     3,     4,     5,     6,     7,     8,
                9,
            ...
            86390, 86391, 86392, 86393, 86394, 86395, 86396, 86397, 86398,
            86399],
           dtype='int64', length=86085)
INFO: [33mplotcoords.py[0m - [32mplotUTMCoords[0m: list of indices dIdx[1179661][2D] = Int64Index([], dtype='int64')
INFO: [33mplotcoords.py[0m - [32mplotUTMCoords[0m: st = 1179677  name = L1-CA,L2-P(Y),L2C,L5,L1BC,E5a
INFO: [33mplotcoords.py[0m - [32mplotUTMCoords[0m: list of indices dIdx[1179677][3D] = Int64Index([ 1489,  1490,  1491,  1492,  1493,  1494,  1495,  1496,  1497,
             1498,
            ...
            24295, 24296, 24297, 24298, 24299, 24300, 24304, 24305, 24306,
            71687],
           dtype='int64', length=315)
INFO: [33mplotcoords.py[0m - [32mplotUTMCoords[0m: list of indices dIdx[1179677][2D] = Int64Index([], dtype='int64')
INFO: [33mplotcoords.py[0m - [32mplotUTMCoords[0m: plotting UTM.E
DEBUG: [33mplotcoords.py[0m - [32mplotUTMCoords[0m: plotting L1-CA,L2-P(Y),L2C,L1BC,E5a (3D)
DEBUG: [33mplotcoords.py[0m - [32mplotUTMCoords[0m: plotting L1-CA,L2-P(Y),L2C,L1BC,E5a (2D)
DEBUG: [33mplotcoords.py[0m - [32mplotUTMCoords[0m: plotting L1-CA,L2-P(Y),L2C,L5,L1BC,E5a (3D)
DEBUG: [33mplotcoords.py[0m - [32mplotUTMCoords[0m: plotting L1-CA,L2-P(Y),L2C,L5,L1BC,E5a (2D)
INFO: [33mplotcoords.py[0m - [32mplotUTMCoords[0m: plotting UTM.N
DEBUG: [33mplotcoords.py[0m - [32mplotUTMCoords[0m: plotting L1-CA,L2-P(Y),L2C,L1BC,E5a (3D)
DEBUG: [33mplotcoords.py[0m - [32mplotUTMCoords[0m: plotting L1-CA,L2-P(Y),L2C,L1BC,E5a (2D)
DEBUG: [33mplotcoords.py[0m - [32mplotUTMCoords[0m: plotting L1-CA,L2-P(Y),L2C,L5,L1BC,E5a (3D)
DEBUG: [33mplotcoords.py[0m - [32mplotUTMCoords[0m: plotting L1-CA,L2-P(Y),L2C,L5,L1BC,E5a (2D)
INFO: [33mplotcoords.py[0m - [32mplotUTMCoords[0m: plotting Height[m]
DEBUG: [33mplotcoords.py[0m - [32mplotUTMCoords[0m: plotting L1-CA,L2-P(Y),L2C,L1BC,E5a (3D)
DEBUG: [33mplotcoords.py[0m - [32mplotUTMCoords[0m: plotting L1-CA,L2-P(Y),L2C,L1BC,E5a (2D)
DEBUG: [33mplotcoords.py[0m - [32mplotUTMCoords[0m: plotting L1-CA,L2-P(Y),L2C,L5,L1BC,E5a (3D)
DEBUG: [33mplotcoords.py[0m - [32mplotUTMCoords[0m: plotting L1-CA,L2-P(Y),L2C,L5,L1BC,E5a (2D)
INFO: [33mplotcoords.py[0m - [32mplotUTMCoords[0m: plotting dist
DEBUG: [33mplotcoords.py[0m - [32mplotUTMCoords[0m: plotting L1-CA,L2-P(Y),L2C,L1BC,E5a (3D)
DEBUG: [33mplotcoords.py[0m - [32mplotUTMCoords[0m: plotting L1-CA,L2-P(Y),L2C,L1BC,E5a (2D)
DEBUG: [33mplotcoords.py[0m - [32mplotUTMCoords[0m: plotting L1-CA,L2-P(Y),L2C,L5,L1BC,E5a (3D)
DEBUG: [33mplotcoords.py[0m - [32mplotUTMCoords[0m: plotting L1-CA,L2-P(Y),L2C,L5,L1BC,E5a (2D)
INFO: [33mplotcoords.py[0m - [32mplotUTMCoords[0m: plotting NrSV
INFO: [33mplotcoords.py[0m - [32mplotUTMCoords[0m: plot saved as /home/amuls/RxTURP/BEGPIOS/ASTX/19100/stf/png/GNSS-OS-UTM.png
INFO: [33mplotcoords.py[0m - [32mplotUTMScatter[0m: start plotting trajectories
INFO: [33mplotcoords.py[0m - [32mplotUTMScatter[0m: st = 1179661  name = L1-CA,L2-P(Y),L2C,L1BC,E5a
INFO: [33mplotcoords.py[0m - [32mplotUTMScatter[0m: list of indices dIdx[1179661][3D] = Int64Index([    0,     1,     2,     3,     4,     5,     6,     7,     8,
                9,
            ...
            86390, 86391, 86392, 86393, 86394, 86395, 86396, 86397, 86398,
            86399],
           dtype='int64', length=86085)
INFO: [33mplotcoords.py[0m - [32mplotUTMScatter[0m: list of indices dIdx[1179661][2D] = Int64Index([], dtype='int64')
INFO: [33mplotcoords.py[0m - [32mplotUTMScatter[0m: st = 1179677  name = L1-CA,L2-P(Y),L2C,L5,L1BC,E5a
INFO: [33mplotcoords.py[0m - [32mplotUTMScatter[0m: list of indices dIdx[1179677][3D] = Int64Index([ 1489,  1490,  1491,  1492,  1493,  1494,  1495,  1496,  1497,
             1498,
            ...
            24295, 24296, 24297, 24298, 24299, 24300, 24304, 24305, 24306,
            71687],
           dtype='int64', length=315)
INFO: [33mplotcoords.py[0m - [32mplotUTMScatter[0m: list of indices dIdx[1179677][2D] = Int64Index([], dtype='int64')
INFO: [33mplotcoords.py[0m - [32mplotUTMScatter[0m: head of dataframe [32mdfCrd plot scatter[0m (#86400)
                 time          UTM.E         UTM.N  SignalInfo  2D/3D  sec
0 2019-04-10 00:00:00  598067.395976  5.633404e+06     1179661      0  0.0
1 2019-04-10 00:00:01  598067.382139  5.633404e+06     1179661      0  1.0
2 2019-04-10 00:00:02  598067.437814  5.633404e+06     1179661      0  2.0
3 2019-04-10 00:00:03  598067.438296  5.633404e+06     1179661      0  3.0
4 2019-04-10 00:00:04  598067.480821  5.633404e+06     1179661      0  4.0
5 2019-04-10 00:00:05  598067.561718  5.633404e+06     1179661      0  5.0
6 2019-04-10 00:00:06  598067.606788  5.633404e+06     1179661      0  6.0
7 2019-04-10 00:00:07  598067.681216  5.633404e+06     1179661      0  7.0
8 2019-04-10 00:00:08  598067.740775  5.633404e+06     1179661      0  8.0
9 2019-04-10 00:00:09  598067.753882  5.633404e+06     1179661      0  9.0
INFO: [33mplotcoords.py[0m - [32mplotUTMScatter[0m: tail of dataframe [32mdfCrd plot scatter[0m (#86400)
                     time          UTM.E         UTM.N  SignalInfo  2D/3D      sec
86390 2019-04-10 23:59:50  598068.007685  5.633404e+06     1179661      0  86390.0
86391 2019-04-10 23:59:51  598067.876982  5.633404e+06     1179661      0  86391.0
86392 2019-04-10 23:59:52  598067.701810  5.633404e+06     1179661      0  86392.0
86393 2019-04-10 23:59:53  598067.573637  5.633404e+06     1179661      0  86393.0
86394 2019-04-10 23:59:54  598067.566157  5.633404e+06     1179661      0  86394.0
86395 2019-04-10 23:59:55  598067.557326  5.633404e+06     1179661      0  86395.0
86396 2019-04-10 23:59:56  598067.637220  5.633404e+06     1179661      0  86396.0
86397 2019-04-10 23:59:57  598067.782817  5.633404e+06     1179661      0  86397.0
86398 2019-04-10 23:59:58  598067.844382  5.633404e+06     1179661      0  86398.0
86399 2019-04-10 23:59:59  598067.872139  5.633404e+06     1179661      0  86399.0
DEBUG: [33mplotcoords.py[0m - [32mplotUTMScatter[0m: indices multiple of 300s = Int64Index([    0,   600,  1200,  1800,  2400,  3000,  3600,  4200,  4800,
             5400,
            ...
            80400, 81000, 81600, 82200, 82800, 83400, 84000, 84600, 85200,
            85800],
           dtype='int64', length=122)
DEBUG: [33mplotcoords.py[0m - [32mplotUTMScatter[0m: plotting L1-CA,L2-P(Y),L2C,L1BC,E5a (3D)
DEBUG: [33mplotcoords.py[0m - [32mplotUTMScatter[0m: plotting L1-CA,L2-P(Y),L2C,L1BC,E5a (2D)
DEBUG: [33mplotcoords.py[0m - [32mplotUTMScatter[0m: plotting L1-CA,L2-P(Y),L2C,L5,L1BC,E5a (3D)
DEBUG: [33mplotcoords.py[0m - [32mplotUTMScatter[0m: plotting L1-CA,L2-P(Y),L2C,L5,L1BC,E5a (2D)
INFO: [33mplotcoords.py[0m - [32mplotUTMScatter[0m: annotate text
['00:00:00', '00:10:00', '00:20:00', '00:30:00', '00:40:00', '00:50:00', '01:00:00', '01:10:00', '01:20:00', '01:30:00', '01:40:00', '01:50:00', '02:00:00', '02:20:00', '02:30:00', '02:40:00', '02:50:00', '03:00:00', '03:10:00', '03:20:00', '03:30:00', '03:40:00', '03:50:00', '04:00:00', '04:40:00', '04:50:00', '05:00:00', '05:10:00', '05:20:00', '05:30:00', '05:40:00', '05:50:00', '06:00:00', '06:10:00', '06:20:00', '06:30:00', '06:40:00', '06:50:00', '07:00:00', '07:10:00', '07:20:00', '07:30:00', '07:40:00', '07:50:00', '08:00:00', '09:10:00', '09:20:00', '09:30:00', '09:40:00', '09:50:00', '10:00:00', '10:10:00', '10:20:00', '10:30:00', '10:40:00', '10:50:00', '11:00:00', '11:10:00', '11:20:00', '11:30:00', '11:40:00', '11:50:00', '12:00:00', '12:10:00', '12:20:00', '12:30:00', '12:40:00', '12:50:00', '13:00:00', '13:10:00', '13:20:00', '13:30:00', '13:40:00', '13:50:00', '14:00:00', '14:10:00', '14:20:00', '14:30:00', '14:40:00', '14:50:00', '15:00:00', '15:10:00', '15:20:00', '15:30:00', '15:40:00', '15:50:00', '16:00:00', '16:10:00', '18:20:00', '18:30:00', '18:40:00', '18:50:00', '19:00:00', '19:10:00', '19:20:00', '19:30:00', '19:40:00', '19:50:00', '20:00:00', '20:10:00', '20:20:00', '20:30:00', '20:40:00', '20:50:00', '21:00:00', '21:10:00', '21:20:00', '21:30:00', '21:40:00', '21:50:00', '22:00:00', '22:10:00', '22:20:00', '22:30:00', '22:40:00', '22:50:00', '23:00:00', '23:10:00', '23:20:00', '23:30:00', '23:40:00', '23:50:00']
INFO: [33mplotcoords.py[0m - [32mplotUTMScatter[0m: marker location = nan nan
INFO: [33mplotcoords.py[0m - [32mplotUTMScatter[0m: plot saved as /home/amuls/RxTURP/BEGPIOS/ASTX/19100/stf/png/GNSS-OS-UTMscatter.png
INFO: [33mstfgeodetic.py[0m - [32mmain[0m: information:
{'dir': '/home/amuls/RxTURP/BEGPIOS/ASTX/19100/stf', 'gnss': 'GNSS OS', 'stf': 'SEPT1000.19__PVTGeodetic_2.stf', 'marker': {'lat': nan, 'lon': nan, 'ellH': nan, 'UTM.E': nan, 'UTM.N': nan, 'UTM.Z': '', 'UTM.L': ''}, 'Time': {'epochs': 86400, 'date': '10 Apr 2019', 'start': '00:00:00', 'end': '23:59:59'}, '#epochs': 86400, 'signals': {1179661: ['L1-CA', 'L2-P(Y)', 'L2C', 'L1BC', 'E5a'], 1179677: ['L1-CA', 'L2-P(Y)', 'L2C', 'L5', 'L1BC', 'E5a']}, 'csv': 'SEPT1000.19__PVTGeodetic_2.csv'}
